Arguments: 
  C:\Program Files\nodejs\node.exe C:\Users\shiwani jha\AppData\Roaming\npm\node_modules\yarn\bin\yarn.js add prisma@3.3.0 @prisma/client@3.3.0

PATH: 
  C:\WINDOWS\system32;C:\WINDOWS;C:\WINDOWS\System32\Wbem;C:\WINDOWS\System32\WindowsPowerShell\v1.0\;C:\WINDOWS\System32\OpenSSH\;C:\Program Files\Git\cmd;C:\Program Files (x86)\Microsoft SQL Server\160\DTS\Binn\;C:\Program Files\Azure Data Studio\bin;C:\Program Files (x86)\Microsoft SQL Server\160\Tools\Binn\;C:\Program Files\Microsoft SQL Server\160\Tools\Binn\;C:\Program Files\Microsoft SQL Server\Client SDK\ODBC\170\Tools\Binn\;C:\Program Files\Microsoft SQL Server\160\DTS\Binn\;C:\Program Files\nodejs\;C:\Program Files\MySQL\MySQL Shell 8.0\bin\;C:\Users\shiwani jha\AppData\Local\Programs\Python\Python310\Scripts\;C:\Users\shiwani jha\AppData\Local\Programs\Python\Python310\;C:\Users\shiwani jha\AppData\Local\Microsoft\WindowsApps;C:\Windows.old\Users\shiwani jha\AppData\Local\hyper\app-3.0.2\resources\bin;C:\Users\shiwani jha\AppData\Local\Programs\Microsoft VS Code\bin;C:\msys64\mingw64\bin;C:\Program Files\JetBrains\PyCharm Community Edition 2022.1.3\bin;c:\users\shiwani jha\appdata\local\programs\python\python310\lib\site-packages;C:\Users\shiwani jha\AppData\Local\Programs\Python\Python310\python.exe;;C:\Program Files\MongoDB\Server\6.0\bin;c:\users\shiwani jha\appdata\local\programs\python\python310\lib\site-packages;C:\Program Files\Azure Data Studio\bin;C:\Users\shiwani jha\AppData\Roaming\npm

Yarn version: 
  1.22.19

Node version: 
  18.17.0

Platform: 
  win32 x64

Trace: 
  Error: EPERM: operation not permitted, unlink 'C:\Users\shiwani jha\OneDrive\Desktop\blogr-nextjs\node_modules\prisma\engines\6b0aef69b7cdfc787f822ecd7cdc76d5f1991584\query_engine-windows.dll.node'

npm manifest: 
  {
    "name": "hello-next",
    "version": "1.0.0",
    "description": "",
    "scripts": {
      "dev": "next",
      "build": "next build",
      "start": "next start"
    },
    "keywords": [],
    "author": "",
    "license": "MIT",
    "dependencies": {
      "@prisma/client": "^5.0.0",
      "next": "12.0.10",
      "react": "17.0.2",
      "react-dom": "17.0.2",
      "react-markdown": "8.0.0",
      "vercel": "^31.0.4"
    },
    "devDependencies": {
      "@types/node": "17.0.14",
      "@types/react": "17.0.38",
      "prisma": "^5.0.0",
      "typescript": "4.5.5"
    }
  }

yarn manifest: 
  No manifest

Lockfile: 
  No lockfile
